1720874520401	geckodriver	INFO	Listening on 127.0.0.1:34775
1720874521415	mozrunner::runner	INFO	Running command: MOZ_CRASHREPORTER="1" MOZ_CRASHREPORTER_NO_REPORT="1" MOZ_CRASHREPORTER_SHUTDOWN="1" MOZ_NO_REMOTE="1" "/dat ... /bin/firefox" "--marionette" "--headless" "-no-remote" "-profile" "/data/data/com.termux/files/usr/tmp/rust_mozprofileUTz56U"
*** You are running in headless mode.
console.warn: services.settings: Ignoring preference override of remote settings server
console.warn: services.settings: Allow by setting MOZ_REMOTE_SETTINGS_DEVTOOLS=1 in the environment
Crash Annotation GraphicsCriticalError: |[0][GFX1-]: glxtest: Unable to open a connection to the X server (t=0.882025) [GFX1-]: glxtest: Unable to open a connection to the X server
Crash Annotation GraphicsCriticalError: |[0][GFX1-]: glxtest: Unable to open a connection to the X server (t=0.882025) |[1][GFX1-]: No GPUs detected via PCI
 (t=0.882025) [GFX1-]: No GPUs detected via PCI

1720874522416	Marionette	INFO	Marionette enabled
1720874522623	Marionette	INFO	Listening on port 35163
Read port: 35163
1720874523044	RemoteAgent	WARN	TLS certificate errors will be ignored for this session
Crash Annotation GraphicsCriticalError: |[0][GFX1-]: glxtest: Unable to open a connection to the X server (t=0.882025) |[1][GFX1-]: No GPUs detected via PCI
 (t=0.882025) |[2][GFX1-]: RenderCompositorSWGL failed mapping default framebuffer, no dt (t=2.16602) [GFX1-]: RenderCompositorSWGL failed mapping default framebuffer, no dt
console.error: ({})
console.error: "update.locale" " file doesn't exist in either the application or GRE directories"
1720874552565	addons.xpi	ERROR	System addon update list error SyntaxError: XMLHttpRequest.open: 'http://%(server)s/dummy-system-addons.xml' is not a valid URL.
1720877538124	geckodriver	INFO	Listening on 127.0.0.1:38665
1720877539157	mozrunner::runner	INFO	Running command: MOZ_CRASHREPORTER="1" MOZ_CRASHREPORTER_NO_REPORT="1" MOZ_CRASHREPORTER_SHUTDOWN="1" MOZ_NO_REMOTE="1" "/dat ... /bin/firefox" "--marionette" "--headless" "-no-remote" "-profile" "/data/data/com.termux/files/usr/tmp/rust_mozprofile8IEPpn"
*** You are running in headless mode.
console.warn: services.settings: Ignoring preference override of remote settings server
console.warn: services.settings: Allow by setting MOZ_REMOTE_SETTINGS_DEVTOOLS=1 in the environment
Crash Annotation GraphicsCriticalError: |[0][GFX1-]: glxtest: Unable to open a connection to the X server (t=0.588909) [GFX1-]: glxtest: Unable to open a connection to the X server
Crash Annotation GraphicsCriticalError: |[0][GFX1-]: glxtest: Unable to open a connection to the X server (t=0.588909) |[1][GFX1-]: No GPUs detected via PCI
 (t=0.588909) [GFX1-]: No GPUs detected via PCI

1720877539859	Marionette	INFO	Marionette enabled
1720877540086	Marionette	INFO	Listening on port 44119
Read port: 44119
1720877540490	RemoteAgent	WARN	TLS certificate errors will be ignored for this session
Crash Annotation GraphicsCriticalError: |[0][GFX1-]: glxtest: Unable to open a connection to the X server (t=0.588909) |[1][GFX1-]: No GPUs detected via PCI
 (t=0.588909) |[2][GFX1-]: RenderCompositorSWGL failed mapping default framebuffer, no dt (t=1.87291) [GFX1-]: RenderCompositorSWGL failed mapping default framebuffer, no dt
console.error: ({})
console.error: "update.locale" " file doesn't exist in either the application or GRE directories"
1720877570051	addons.xpi	ERROR	System addon update list error SyntaxError: XMLHttpRequest.open: 'http://%(server)s/dummy-system-addons.xml' is not a valid URL.
1720877570914	Marionette	INFO	Stopped listening on port 44119
console.error: (new Error("IndexedDB: main/nimbus-preview getLastModified() IndexedDB:  execute() The application is shutting down", "resource://services-settings/IDBHelpers.sys.mjs", 16))
1720877654834	geckodriver	INFO	Listening on 127.0.0.1:53049
1720877655840	mozrunner::runner	INFO	Running command: MOZ_CRASHREPORTER="1" MOZ_CRASHREPORTER_NO_REPORT="1" MOZ_CRASHREPORTER_SHUTDOWN="1" MOZ_NO_REMOTE="1" "/dat ... /bin/firefox" "--marionette" "--headless" "-no-remote" "-profile" "/data/data/com.termux/files/usr/tmp/rust_mozprofileRiOqhy"
*** You are running in headless mode.
console.warn: services.settings: Ignoring preference override of remote settings server
console.warn: services.settings: Allow by setting MOZ_REMOTE_SETTINGS_DEVTOOLS=1 in the environment
Crash Annotation GraphicsCriticalError: |[0][GFX1-]: glxtest: Unable to open a connection to the X server (t=0.408738) [GFX1-]: glxtest: Unable to open a connection to the X server
Crash Annotation GraphicsCriticalError: |[0][GFX1-]: glxtest: Unable to open a connection to the X server (t=0.408738) |[1][GFX1-]: No GPUs detected via PCI
 (t=0.408738) [GFX1-]: No GPUs detected via PCI

1720877656326	Marionette	INFO	Marionette enabled
1720877656566	Marionette	INFO	Listening on port 46129
Read port: 46129
1720877656931	RemoteAgent	WARN	TLS certificate errors will be ignored for this session
Crash Annotation GraphicsCriticalError: |[0][GFX1-]: glxtest: Unable to open a connection to the X server (t=0.408738) |[1][GFX1-]: No GPUs detected via PCI
 (t=0.408738) |[2][GFX1-]: RenderCompositorSWGL failed mapping default framebuffer, no dt (t=1.55274) [GFX1-]: RenderCompositorSWGL failed mapping default framebuffer, no dt
console.error: ({})
1720877682537	Marionette	INFO	Stopped listening on port 46129
Exiting due to channel error.
Exiting due to channel error.
Exiting due to channel error.
Exiting due to channel error.
Exiting due to channel error.
